2026-01-13T17:45:42.388+02:00  INFO 20268 --- [veebipood] [main] e.mihkel.veebipood.VeebipoodApplication  : Starting VeebipoodApplication using Java 21.0.3 with PID 20268 (C:\Users\Admin\koolitused\full-stack-11-2025\veebipood\target\classes started by Admin in C:\Users\Admin\koolitused\full-stack-11-2025\veebipood)
2026-01-13T17:45:42.395+02:00  INFO 20268 --- [veebipood] [main] e.mihkel.veebipood.VeebipoodApplication  : The following 1 profile is active: "test"
2026-01-13T17:45:43.328+02:00  INFO 20268 --- [veebipood] [main] .s.d.r.c.RepositoryConfigurationDelegate : Bootstrapping Spring Data JPA repositories in DEFAULT mode.
2026-01-13T17:45:43.415+02:00  INFO 20268 --- [veebipood] [main] .s.d.r.c.RepositoryConfigurationDelegate : Finished Spring Data repository scanning in 76 ms. Found 4 JPA repository interfaces.
2026-01-13T17:45:44.060+02:00  INFO 20268 --- [veebipood] [main] o.s.b.w.embedded.tomcat.TomcatWebServer  : Tomcat initialized with port 8080 (http)
2026-01-13T17:45:44.078+02:00  INFO 20268 --- [veebipood] [main] o.apache.catalina.core.StandardService   : Starting service [Tomcat]
2026-01-13T17:45:44.078+02:00  INFO 20268 --- [veebipood] [main] o.apache.catalina.core.StandardEngine    : Starting Servlet engine: [Apache Tomcat/10.1.48]
2026-01-13T17:45:44.133+02:00  INFO 20268 --- [veebipood] [main] o.a.c.c.C.[Tomcat].[localhost].[/]       : Initializing Spring embedded WebApplicationContext
2026-01-13T17:45:44.134+02:00  INFO 20268 --- [veebipood] [main] w.s.c.ServletWebServerApplicationContext : Root WebApplicationContext: initialization completed in 1668 ms
2026-01-13T17:45:44.333+02:00  INFO 20268 --- [veebipood] [main] o.hibernate.jpa.internal.util.LogHelper  : HHH000204: Processing PersistenceUnitInfo [name: default]
2026-01-13T17:45:44.433+02:00  INFO 20268 --- [veebipood] [main] org.hibernate.Version                    : HHH000412: Hibernate ORM core version 6.6.33.Final
2026-01-13T17:45:44.481+02:00  INFO 20268 --- [veebipood] [main] o.h.c.internal.RegionFactoryInitiator    : HHH000026: Second-level cache disabled
2026-01-13T17:45:44.854+02:00  INFO 20268 --- [veebipood] [main] o.s.o.j.p.SpringPersistenceUnitInfo      : No LoadTimeWeaver setup: ignoring JPA class transformer
2026-01-13T17:45:44.893+02:00  INFO 20268 --- [veebipood] [main] com.zaxxer.hikari.HikariDataSource       : HikariPool-1 - Starting...
2026-01-13T17:45:45.139+02:00  INFO 20268 --- [veebipood] [main] com.zaxxer.hikari.pool.HikariPool        : HikariPool-1 - Added connection org.postgresql.jdbc.PgConnection@314f59b
2026-01-13T17:45:45.141+02:00  INFO 20268 --- [veebipood] [main] com.zaxxer.hikari.HikariDataSource       : HikariPool-1 - Start completed.
2026-01-13T17:45:45.254+02:00  INFO 20268 --- [veebipood] [main] org.hibernate.orm.connections.pooling    : HHH10001005: Database info:
	Database JDBC URL [Connecting through datasource 'HikariDataSource (HikariPool-1)']
	Database driver: undefined/unknown
	Database version: 16.2
	Autocommit mode: undefined/unknown
	Isolation level: undefined/unknown
	Minimum pool size: undefined/unknown
	Maximum pool size: undefined/unknown
2026-01-13T17:45:46.492+02:00  INFO 20268 --- [veebipood] [main] o.h.e.t.j.p.i.JtaPlatformInitiator       : HHH000489: No JTA platform available (set 'hibernate.transaction.jta.platform' to enable JTA platform integration)
2026-01-13T17:45:46.688+02:00  INFO 20268 --- [veebipood] [main] j.LocalContainerEntityManagerFactoryBean : Initialized JPA EntityManagerFactory for persistence unit 'default'
2026-01-13T17:45:47.293+02:00  WARN 20268 --- [veebipood] [main] JpaBaseConfiguration$JpaWebConfiguration : spring.jpa.open-in-view is enabled by default. Therefore, database queries may be performed during view rendering. Explicitly configure spring.jpa.open-in-view to disable this warning
2026-01-13T17:45:47.815+02:00  INFO 20268 --- [veebipood] [main] o.s.b.w.embedded.tomcat.TomcatWebServer  : Tomcat started on port 8080 (http) with context path '/'
2026-01-13T17:45:47.823+02:00  INFO 20268 --- [veebipood] [main] e.mihkel.veebipood.VeebipoodApplication  : Started VeebipoodApplication in 6.407 seconds (process running for 7.58)
2026-01-13T17:47:07.498+02:00  INFO 20268 --- [veebipood] [http-nio-8080-exec-2] o.a.c.c.C.[Tomcat].[localhost].[/]       : Initializing Spring DispatcherServlet 'dispatcherServlet'
2026-01-13T17:47:07.499+02:00  INFO 20268 --- [veebipood] [http-nio-8080-exec-2] o.s.web.servlet.DispatcherServlet        : Initializing Servlet 'dispatcherServlet'
2026-01-13T17:47:07.500+02:00  INFO 20268 --- [veebipood] [http-nio-8080-exec-2] o.s.web.servlet.DispatcherServlet        : Completed initialization in 1 ms
2026-01-13T17:47:07.857+02:00  WARN 20268 --- [veebipood] [http-nio-8080-exec-2] ration$PageModule$WarningLoggingModifier : Serializing PageImpl instances as-is is not supported, meaning that there is no guarantee about the stability of the resulting JSON structure!
	For a stable JSON structure, please use Spring Data's PagedModel (globally via @EnableSpringDataWebSupport(pageSerializationMode = VIA_DTO))
	or Spring HATEOAS and Spring Data's PagedResourcesAssembler as documented in https://docs.spring.io/spring-data/commons/reference/repositories/core-extensions.html#core.web.pageables.

2026-01-13T17:55:37.678+02:00  WARN 20268 --- [veebipood] [http-nio-8080-exec-1] .w.s.m.s.DefaultHandlerExceptionResolver : Resolved [org.springframework.web.bind.MissingServletRequestParameterException: Required request parameter 'categoryId' for method parameter type Long is not present]
2026-01-13T19:16:44.703+02:00  INFO 20268 --- [veebipood] [SpringApplicationShutdownHook] o.s.b.w.e.tomcat.GracefulShutdown        : Commencing graceful shutdown. Waiting for active requests to complete
2026-01-13T19:16:44.717+02:00  INFO 20268 --- [veebipood] [tomcat-shutdown] o.s.b.w.e.tomcat.GracefulShutdown        : Graceful shutdown complete
2026-01-13T19:16:44.724+02:00  INFO 20268 --- [veebipood] [SpringApplicationShutdownHook] j.LocalContainerEntityManagerFactoryBean : Closing JPA EntityManagerFactory for persistence unit 'default'
2026-01-13T19:16:44.730+02:00  INFO 20268 --- [veebipood] [SpringApplicationShutdownHook] com.zaxxer.hikari.HikariDataSource       : HikariPool-1 - Shutdown initiated...
2026-01-13T19:16:44.732+02:00  INFO 20268 --- [veebipood] [SpringApplicationShutdownHook] com.zaxxer.hikari.HikariDataSource       : HikariPool-1 - Shutdown completed.
2026-01-13T19:16:50.421+02:00  INFO 30980 --- [veebipood] [main] e.mihkel.veebipood.VeebipoodApplication  : Starting VeebipoodApplication using Java 21.0.3 with PID 30980 (C:\Users\Admin\koolitused\full-stack-11-2025\veebipood\target\classes started by Admin in C:\Users\Admin\koolitused\full-stack-11-2025\veebipood)
2026-01-13T19:16:50.423+02:00  INFO 30980 --- [veebipood] [main] e.mihkel.veebipood.VeebipoodApplication  : The following 1 profile is active: "test"
2026-01-13T19:16:51.073+02:00  INFO 30980 --- [veebipood] [main] .s.d.r.c.RepositoryConfigurationDelegate : Bootstrapping Spring Data JPA repositories in DEFAULT mode.
2026-01-13T19:16:51.141+02:00  INFO 30980 --- [veebipood] [main] .s.d.r.c.RepositoryConfigurationDelegate : Finished Spring Data repository scanning in 58 ms. Found 4 JPA repository interfaces.
2026-01-13T19:16:51.592+02:00  INFO 30980 --- [veebipood] [main] o.s.b.w.embedded.tomcat.TomcatWebServer  : Tomcat initialized with port 8080 (http)
2026-01-13T19:16:51.605+02:00  INFO 30980 --- [veebipood] [main] o.apache.catalina.core.StandardService   : Starting service [Tomcat]
2026-01-13T19:16:51.605+02:00  INFO 30980 --- [veebipood] [main] o.apache.catalina.core.StandardEngine    : Starting Servlet engine: [Apache Tomcat/10.1.48]
2026-01-13T19:16:51.646+02:00  INFO 30980 --- [veebipood] [main] o.a.c.c.C.[Tomcat].[localhost].[/]       : Initializing Spring embedded WebApplicationContext
2026-01-13T19:16:51.647+02:00  INFO 30980 --- [veebipood] [main] w.s.c.ServletWebServerApplicationContext : Root WebApplicationContext: initialization completed in 1181 ms
2026-01-13T19:16:51.792+02:00  INFO 30980 --- [veebipood] [main] o.hibernate.jpa.internal.util.LogHelper  : HHH000204: Processing PersistenceUnitInfo [name: default]
2026-01-13T19:16:51.843+02:00  INFO 30980 --- [veebipood] [main] org.hibernate.Version                    : HHH000412: Hibernate ORM core version 6.6.33.Final
2026-01-13T19:16:51.876+02:00  INFO 30980 --- [veebipood] [main] o.h.c.internal.RegionFactoryInitiator    : HHH000026: Second-level cache disabled
2026-01-13T19:16:52.135+02:00  INFO 30980 --- [veebipood] [main] o.s.o.j.p.SpringPersistenceUnitInfo      : No LoadTimeWeaver setup: ignoring JPA class transformer
2026-01-13T19:16:52.161+02:00  INFO 30980 --- [veebipood] [main] com.zaxxer.hikari.HikariDataSource       : HikariPool-1 - Starting...
2026-01-13T19:16:52.326+02:00  INFO 30980 --- [veebipood] [main] com.zaxxer.hikari.pool.HikariPool        : HikariPool-1 - Added connection org.postgresql.jdbc.PgConnection@20dd5870
2026-01-13T19:16:52.329+02:00  INFO 30980 --- [veebipood] [main] com.zaxxer.hikari.HikariDataSource       : HikariPool-1 - Start completed.
2026-01-13T19:16:52.398+02:00  INFO 30980 --- [veebipood] [main] org.hibernate.orm.connections.pooling    : HHH10001005: Database info:
	Database JDBC URL [Connecting through datasource 'HikariDataSource (HikariPool-1)']
	Database driver: undefined/unknown
	Database version: 16.2
	Autocommit mode: undefined/unknown
	Isolation level: undefined/unknown
	Minimum pool size: undefined/unknown
	Maximum pool size: undefined/unknown
2026-01-13T19:16:53.752+02:00  INFO 30980 --- [veebipood] [main] o.h.e.t.j.p.i.JtaPlatformInitiator       : HHH000489: No JTA platform available (set 'hibernate.transaction.jta.platform' to enable JTA platform integration)
2026-01-13T19:16:53.884+02:00  INFO 30980 --- [veebipood] [main] j.LocalContainerEntityManagerFactoryBean : Initialized JPA EntityManagerFactory for persistence unit 'default'
2026-01-13T19:16:54.454+02:00  WARN 30980 --- [veebipood] [main] JpaBaseConfiguration$JpaWebConfiguration : spring.jpa.open-in-view is enabled by default. Therefore, database queries may be performed during view rendering. Explicitly configure spring.jpa.open-in-view to disable this warning
2026-01-13T19:16:54.917+02:00  INFO 30980 --- [veebipood] [main] o.s.b.w.embedded.tomcat.TomcatWebServer  : Tomcat started on port 8080 (http) with context path '/'
2026-01-13T19:16:54.926+02:00  INFO 30980 --- [veebipood] [main] e.mihkel.veebipood.VeebipoodApplication  : Started VeebipoodApplication in 5.081 seconds (process running for 5.808)
2026-01-13T19:16:56.328+02:00  INFO 30980 --- [veebipood] [http-nio-8080-exec-2] o.a.c.c.C.[Tomcat].[localhost].[/]       : Initializing Spring DispatcherServlet 'dispatcherServlet'
2026-01-13T19:16:56.329+02:00  INFO 30980 --- [veebipood] [http-nio-8080-exec-2] o.s.web.servlet.DispatcherServlet        : Initializing Servlet 'dispatcherServlet'
2026-01-13T19:16:56.331+02:00  INFO 30980 --- [veebipood] [http-nio-8080-exec-2] o.s.web.servlet.DispatcherServlet        : Completed initialization in 2 ms
2026-01-13T19:18:45.223+02:00  INFO 30980 --- [veebipood] [SpringApplicationShutdownHook] o.s.b.w.e.tomcat.GracefulShutdown        : Commencing graceful shutdown. Waiting for active requests to complete
2026-01-13T19:18:45.231+02:00  INFO 30980 --- [veebipood] [tomcat-shutdown] o.s.b.w.e.tomcat.GracefulShutdown        : Graceful shutdown complete
2026-01-13T19:18:45.234+02:00  INFO 30980 --- [veebipood] [SpringApplicationShutdownHook] j.LocalContainerEntityManagerFactoryBean : Closing JPA EntityManagerFactory for persistence unit 'default'
2026-01-13T19:18:45.235+02:00  INFO 30980 --- [veebipood] [SpringApplicationShutdownHook] com.zaxxer.hikari.HikariDataSource       : HikariPool-1 - Shutdown initiated...
2026-01-13T19:18:45.239+02:00  INFO 30980 --- [veebipood] [SpringApplicationShutdownHook] com.zaxxer.hikari.HikariDataSource       : HikariPool-1 - Shutdown completed.
2026-01-13T19:18:49.493+02:00  INFO 32324 --- [veebipood] [main] e.mihkel.veebipood.VeebipoodApplication  : Starting VeebipoodApplication using Java 21.0.3 with PID 32324 (C:\Users\Admin\koolitused\full-stack-11-2025\veebipood\target\classes started by Admin in C:\Users\Admin\koolitused\full-stack-11-2025\veebipood)
2026-01-13T19:18:49.495+02:00  INFO 32324 --- [veebipood] [main] e.mihkel.veebipood.VeebipoodApplication  : The following 1 profile is active: "test"
2026-01-13T19:18:50.129+02:00  INFO 32324 --- [veebipood] [main] .s.d.r.c.RepositoryConfigurationDelegate : Bootstrapping Spring Data JPA repositories in DEFAULT mode.
2026-01-13T19:18:50.194+02:00  INFO 32324 --- [veebipood] [main] .s.d.r.c.RepositoryConfigurationDelegate : Finished Spring Data repository scanning in 57 ms. Found 4 JPA repository interfaces.
2026-01-13T19:18:50.753+02:00  INFO 32324 --- [veebipood] [main] o.s.b.w.embedded.tomcat.TomcatWebServer  : Tomcat initialized with port 8080 (http)
2026-01-13T19:18:50.764+02:00  INFO 32324 --- [veebipood] [main] o.apache.catalina.core.StandardService   : Starting service [Tomcat]
2026-01-13T19:18:50.765+02:00  INFO 32324 --- [veebipood] [main] o.apache.catalina.core.StandardEngine    : Starting Servlet engine: [Apache Tomcat/10.1.48]
2026-01-13T19:18:50.820+02:00  INFO 32324 --- [veebipood] [main] o.a.c.c.C.[Tomcat].[localhost].[/]       : Initializing Spring embedded WebApplicationContext
2026-01-13T19:18:50.821+02:00  INFO 32324 --- [veebipood] [main] w.s.c.ServletWebServerApplicationContext : Root WebApplicationContext: initialization completed in 1278 ms
2026-01-13T19:18:51.006+02:00  INFO 32324 --- [veebipood] [main] o.hibernate.jpa.internal.util.LogHelper  : HHH000204: Processing PersistenceUnitInfo [name: default]
2026-01-13T19:18:51.063+02:00  INFO 32324 --- [veebipood] [main] org.hibernate.Version                    : HHH000412: Hibernate ORM core version 6.6.33.Final
2026-01-13T19:18:51.097+02:00  INFO 32324 --- [veebipood] [main] o.h.c.internal.RegionFactoryInitiator    : HHH000026: Second-level cache disabled
2026-01-13T19:18:51.364+02:00  INFO 32324 --- [veebipood] [main] o.s.o.j.p.SpringPersistenceUnitInfo      : No LoadTimeWeaver setup: ignoring JPA class transformer
2026-01-13T19:18:51.398+02:00  INFO 32324 --- [veebipood] [main] com.zaxxer.hikari.HikariDataSource       : HikariPool-1 - Starting...
2026-01-13T19:18:51.575+02:00  INFO 32324 --- [veebipood] [main] com.zaxxer.hikari.pool.HikariPool        : HikariPool-1 - Added connection org.postgresql.jdbc.PgConnection@995ad50
2026-01-13T19:18:51.577+02:00  INFO 32324 --- [veebipood] [main] com.zaxxer.hikari.HikariDataSource       : HikariPool-1 - Start completed.
2026-01-13T19:18:51.648+02:00  INFO 32324 --- [veebipood] [main] org.hibernate.orm.connections.pooling    : HHH10001005: Database info:
	Database JDBC URL [Connecting through datasource 'HikariDataSource (HikariPool-1)']
	Database driver: undefined/unknown
	Database version: 16.2
	Autocommit mode: undefined/unknown
	Isolation level: undefined/unknown
	Minimum pool size: undefined/unknown
	Maximum pool size: undefined/unknown
2026-01-13T19:18:52.957+02:00  INFO 32324 --- [veebipood] [main] o.h.e.t.j.p.i.JtaPlatformInitiator       : HHH000489: No JTA platform available (set 'hibernate.transaction.jta.platform' to enable JTA platform integration)
2026-01-13T19:18:53.112+02:00  INFO 32324 --- [veebipood] [main] j.LocalContainerEntityManagerFactoryBean : Initialized JPA EntityManagerFactory for persistence unit 'default'
2026-01-13T19:18:53.708+02:00  WARN 32324 --- [veebipood] [main] JpaBaseConfiguration$JpaWebConfiguration : spring.jpa.open-in-view is enabled by default. Therefore, database queries may be performed during view rendering. Explicitly configure spring.jpa.open-in-view to disable this warning
2026-01-13T19:18:54.192+02:00  INFO 32324 --- [veebipood] [main] o.s.b.w.embedded.tomcat.TomcatWebServer  : Tomcat started on port 8080 (http) with context path '/'
2026-01-13T19:18:54.201+02:00  INFO 32324 --- [veebipood] [main] e.mihkel.veebipood.VeebipoodApplication  : Started VeebipoodApplication in 5.21 seconds (process running for 5.858)
2026-01-13T19:18:55.085+02:00  INFO 32324 --- [veebipood] [http-nio-8080-exec-1] o.a.c.c.C.[Tomcat].[localhost].[/]       : Initializing Spring DispatcherServlet 'dispatcherServlet'
2026-01-13T19:18:55.086+02:00  INFO 32324 --- [veebipood] [http-nio-8080-exec-1] o.s.web.servlet.DispatcherServlet        : Initializing Servlet 'dispatcherServlet'
2026-01-13T19:18:55.087+02:00  INFO 32324 --- [veebipood] [http-nio-8080-exec-1] o.s.web.servlet.DispatcherServlet        : Completed initialization in 1 ms
2026-01-13T19:20:23.645+02:00  INFO 32324 --- [veebipood] [SpringApplicationShutdownHook] o.s.b.w.e.tomcat.GracefulShutdown        : Commencing graceful shutdown. Waiting for active requests to complete
2026-01-13T19:20:23.657+02:00  INFO 32324 --- [veebipood] [tomcat-shutdown] o.s.b.w.e.tomcat.GracefulShutdown        : Graceful shutdown complete
2026-01-13T19:20:23.661+02:00  INFO 32324 --- [veebipood] [SpringApplicationShutdownHook] j.LocalContainerEntityManagerFactoryBean : Closing JPA EntityManagerFactory for persistence unit 'default'
2026-01-13T19:20:23.665+02:00  INFO 32324 --- [veebipood] [SpringApplicationShutdownHook] com.zaxxer.hikari.HikariDataSource       : HikariPool-1 - Shutdown initiated...
2026-01-13T19:20:23.669+02:00  INFO 32324 --- [veebipood] [SpringApplicationShutdownHook] com.zaxxer.hikari.HikariDataSource       : HikariPool-1 - Shutdown completed.
2026-01-13T19:20:27.454+02:00  INFO 37008 --- [veebipood] [main] e.mihkel.veebipood.VeebipoodApplication  : Starting VeebipoodApplication using Java 21.0.3 with PID 37008 (C:\Users\Admin\koolitused\full-stack-11-2025\veebipood\target\classes started by Admin in C:\Users\Admin\koolitused\full-stack-11-2025\veebipood)
2026-01-13T19:20:27.457+02:00  INFO 37008 --- [veebipood] [main] e.mihkel.veebipood.VeebipoodApplication  : The following 1 profile is active: "test"
2026-01-13T19:20:28.108+02:00  INFO 37008 --- [veebipood] [main] .s.d.r.c.RepositoryConfigurationDelegate : Bootstrapping Spring Data JPA repositories in DEFAULT mode.
2026-01-13T19:20:28.194+02:00  INFO 37008 --- [veebipood] [main] .s.d.r.c.RepositoryConfigurationDelegate : Finished Spring Data repository scanning in 76 ms. Found 4 JPA repository interfaces.
2026-01-13T19:20:28.714+02:00  INFO 37008 --- [veebipood] [main] o.s.b.w.embedded.tomcat.TomcatWebServer  : Tomcat initialized with port 8080 (http)
2026-01-13T19:20:28.729+02:00  INFO 37008 --- [veebipood] [main] o.apache.catalina.core.StandardService   : Starting service [Tomcat]
2026-01-13T19:20:28.730+02:00  INFO 37008 --- [veebipood] [main] o.apache.catalina.core.StandardEngine    : Starting Servlet engine: [Apache Tomcat/10.1.48]
2026-01-13T19:20:28.779+02:00  INFO 37008 --- [veebipood] [main] o.a.c.c.C.[Tomcat].[localhost].[/]       : Initializing Spring embedded WebApplicationContext
2026-01-13T19:20:28.780+02:00  INFO 37008 --- [veebipood] [main] w.s.c.ServletWebServerApplicationContext : Root WebApplicationContext: initialization completed in 1267 ms
2026-01-13T19:20:28.967+02:00  INFO 37008 --- [veebipood] [main] o.hibernate.jpa.internal.util.LogHelper  : HHH000204: Processing PersistenceUnitInfo [name: default]
2026-01-13T19:20:29.019+02:00  INFO 37008 --- [veebipood] [main] org.hibernate.Version                    : HHH000412: Hibernate ORM core version 6.6.33.Final
2026-01-13T19:20:29.056+02:00  INFO 37008 --- [veebipood] [main] o.h.c.internal.RegionFactoryInitiator    : HHH000026: Second-level cache disabled
2026-01-13T19:20:29.368+02:00  INFO 37008 --- [veebipood] [main] o.s.o.j.p.SpringPersistenceUnitInfo      : No LoadTimeWeaver setup: ignoring JPA class transformer
2026-01-13T19:20:29.402+02:00  INFO 37008 --- [veebipood] [main] com.zaxxer.hikari.HikariDataSource       : HikariPool-1 - Starting...
2026-01-13T19:20:29.579+02:00  INFO 37008 --- [veebipood] [main] com.zaxxer.hikari.pool.HikariPool        : HikariPool-1 - Added connection org.postgresql.jdbc.PgConnection@5d3b6585
2026-01-13T19:20:29.581+02:00  INFO 37008 --- [veebipood] [main] com.zaxxer.hikari.HikariDataSource       : HikariPool-1 - Start completed.
2026-01-13T19:20:29.655+02:00  INFO 37008 --- [veebipood] [main] org.hibernate.orm.connections.pooling    : HHH10001005: Database info:
	Database JDBC URL [Connecting through datasource 'HikariDataSource (HikariPool-1)']
	Database driver: undefined/unknown
	Database version: 16.2
	Autocommit mode: undefined/unknown
	Isolation level: undefined/unknown
	Minimum pool size: undefined/unknown
	Maximum pool size: undefined/unknown
2026-01-13T19:20:30.663+02:00  INFO 37008 --- [veebipood] [main] o.h.e.t.j.p.i.JtaPlatformInitiator       : HHH000489: No JTA platform available (set 'hibernate.transaction.jta.platform' to enable JTA platform integration)
2026-01-13T19:20:30.805+02:00  INFO 37008 --- [veebipood] [main] j.LocalContainerEntityManagerFactoryBean : Initialized JPA EntityManagerFactory for persistence unit 'default'
2026-01-13T19:20:31.265+02:00  WARN 37008 --- [veebipood] [main] JpaBaseConfiguration$JpaWebConfiguration : spring.jpa.open-in-view is enabled by default. Therefore, database queries may be performed during view rendering. Explicitly configure spring.jpa.open-in-view to disable this warning
2026-01-13T19:20:31.677+02:00  INFO 37008 --- [veebipood] [main] o.s.b.w.embedded.tomcat.TomcatWebServer  : Tomcat started on port 8080 (http) with context path '/'
2026-01-13T19:20:31.686+02:00  INFO 37008 --- [veebipood] [main] e.mihkel.veebipood.VeebipoodApplication  : Started VeebipoodApplication in 4.795 seconds (process running for 6.231)
2026-01-13T19:20:37.082+02:00  INFO 37008 --- [veebipood] [http-nio-8080-exec-1] o.a.c.c.C.[Tomcat].[localhost].[/]       : Initializing Spring DispatcherServlet 'dispatcherServlet'
2026-01-13T19:20:37.083+02:00  INFO 37008 --- [veebipood] [http-nio-8080-exec-1] o.s.web.servlet.DispatcherServlet        : Initializing Servlet 'dispatcherServlet'
2026-01-13T19:20:37.084+02:00  INFO 37008 --- [veebipood] [http-nio-8080-exec-1] o.s.web.servlet.DispatcherServlet        : Completed initialization in 1 ms
2026-01-13T19:20:37.471+02:00  WARN 37008 --- [veebipood] [http-nio-8080-exec-4] ration$PageModule$WarningLoggingModifier : Serializing PageImpl instances as-is is not supported, meaning that there is no guarantee about the stability of the resulting JSON structure!
	For a stable JSON structure, please use Spring Data's PagedModel (globally via @EnableSpringDataWebSupport(pageSerializationMode = VIA_DTO))
	or Spring HATEOAS and Spring Data's PagedResourcesAssembler as documented in https://docs.spring.io/spring-data/commons/reference/repositories/core-extensions.html#core.web.pageables.

2026-01-13T19:22:39.742+02:00  INFO 37008 --- [veebipood] [SpringApplicationShutdownHook] o.s.b.w.e.tomcat.GracefulShutdown        : Commencing graceful shutdown. Waiting for active requests to complete
2026-01-13T19:22:40.057+02:00  INFO 37008 --- [veebipood] [tomcat-shutdown] o.s.b.w.e.tomcat.GracefulShutdown        : Graceful shutdown complete
2026-01-13T19:22:40.063+02:00  INFO 37008 --- [veebipood] [SpringApplicationShutdownHook] j.LocalContainerEntityManagerFactoryBean : Closing JPA EntityManagerFactory for persistence unit 'default'
2026-01-13T19:22:40.065+02:00  INFO 37008 --- [veebipood] [SpringApplicationShutdownHook] com.zaxxer.hikari.HikariDataSource       : HikariPool-1 - Shutdown initiated...
2026-01-13T19:22:40.069+02:00  INFO 37008 --- [veebipood] [SpringApplicationShutdownHook] com.zaxxer.hikari.HikariDataSource       : HikariPool-1 - Shutdown completed.
2026-01-13T19:22:45.510+02:00  INFO 12716 --- [veebipood] [main] e.mihkel.veebipood.VeebipoodApplication  : Starting VeebipoodApplication using Java 21.0.3 with PID 12716 (C:\Users\Admin\koolitused\full-stack-11-2025\veebipood\target\classes started by Admin in C:\Users\Admin\koolitused\full-stack-11-2025\veebipood)
2026-01-13T19:22:45.513+02:00  INFO 12716 --- [veebipood] [main] e.mihkel.veebipood.VeebipoodApplication  : The following 1 profile is active: "test"
2026-01-13T19:22:46.421+02:00  INFO 12716 --- [veebipood] [main] .s.d.r.c.RepositoryConfigurationDelegate : Bootstrapping Spring Data JPA repositories in DEFAULT mode.
2026-01-13T19:22:46.512+02:00  INFO 12716 --- [veebipood] [main] .s.d.r.c.RepositoryConfigurationDelegate : Finished Spring Data repository scanning in 82 ms. Found 4 JPA repository interfaces.
2026-01-13T19:22:47.099+02:00  INFO 12716 --- [veebipood] [main] o.s.b.w.embedded.tomcat.TomcatWebServer  : Tomcat initialized with port 8080 (http)
2026-01-13T19:22:47.119+02:00  INFO 12716 --- [veebipood] [main] o.apache.catalina.core.StandardService   : Starting service [Tomcat]
2026-01-13T19:22:47.119+02:00  INFO 12716 --- [veebipood] [main] o.apache.catalina.core.StandardEngine    : Starting Servlet engine: [Apache Tomcat/10.1.48]
2026-01-13T19:22:47.179+02:00  INFO 12716 --- [veebipood] [main] o.a.c.c.C.[Tomcat].[localhost].[/]       : Initializing Spring embedded WebApplicationContext
2026-01-13T19:22:47.179+02:00  INFO 12716 --- [veebipood] [main] w.s.c.ServletWebServerApplicationContext : Root WebApplicationContext: initialization completed in 1595 ms
2026-01-13T19:22:47.395+02:00  INFO 12716 --- [veebipood] [main] o.hibernate.jpa.internal.util.LogHelper  : HHH000204: Processing PersistenceUnitInfo [name: default]
2026-01-13T19:22:47.458+02:00  INFO 12716 --- [veebipood] [main] org.hibernate.Version                    : HHH000412: Hibernate ORM core version 6.6.33.Final
2026-01-13T19:22:47.498+02:00  INFO 12716 --- [veebipood] [main] o.h.c.internal.RegionFactoryInitiator    : HHH000026: Second-level cache disabled
2026-01-13T19:22:47.843+02:00  INFO 12716 --- [veebipood] [main] o.s.o.j.p.SpringPersistenceUnitInfo      : No LoadTimeWeaver setup: ignoring JPA class transformer
2026-01-13T19:22:47.877+02:00  INFO 12716 --- [veebipood] [main] com.zaxxer.hikari.HikariDataSource       : HikariPool-1 - Starting...
2026-01-13T19:22:48.091+02:00  INFO 12716 --- [veebipood] [main] com.zaxxer.hikari.pool.HikariPool        : HikariPool-1 - Added connection org.postgresql.jdbc.PgConnection@1171ba7e
2026-01-13T19:22:48.094+02:00  INFO 12716 --- [veebipood] [main] com.zaxxer.hikari.HikariDataSource       : HikariPool-1 - Start completed.
2026-01-13T19:22:48.188+02:00  INFO 12716 --- [veebipood] [main] org.hibernate.orm.connections.pooling    : HHH10001005: Database info:
	Database JDBC URL [Connecting through datasource 'HikariDataSource (HikariPool-1)']
	Database driver: undefined/unknown
	Database version: 16.2
	Autocommit mode: undefined/unknown
	Isolation level: undefined/unknown
	Minimum pool size: undefined/unknown
	Maximum pool size: undefined/unknown
2026-01-13T19:22:49.309+02:00  INFO 12716 --- [veebipood] [main] o.h.e.t.j.p.i.JtaPlatformInitiator       : HHH000489: No JTA platform available (set 'hibernate.transaction.jta.platform' to enable JTA platform integration)
2026-01-13T19:22:49.433+02:00  INFO 12716 --- [veebipood] [main] j.LocalContainerEntityManagerFactoryBean : Initialized JPA EntityManagerFactory for persistence unit 'default'
2026-01-13T19:22:49.878+02:00  WARN 12716 --- [veebipood] [main] JpaBaseConfiguration$JpaWebConfiguration : spring.jpa.open-in-view is enabled by default. Therefore, database queries may be performed during view rendering. Explicitly configure spring.jpa.open-in-view to disable this warning
2026-01-13T19:22:50.341+02:00  INFO 12716 --- [veebipood] [main] o.s.b.w.embedded.tomcat.TomcatWebServer  : Tomcat started on port 8080 (http) with context path '/'
2026-01-13T19:22:50.352+02:00  INFO 12716 --- [veebipood] [main] e.mihkel.veebipood.VeebipoodApplication  : Started VeebipoodApplication in 5.53 seconds (process running for 6.682)
2026-01-13T19:22:54.730+02:00  INFO 12716 --- [veebipood] [http-nio-8080-exec-2] o.a.c.c.C.[Tomcat].[localhost].[/]       : Initializing Spring DispatcherServlet 'dispatcherServlet'
2026-01-13T19:22:54.731+02:00  INFO 12716 --- [veebipood] [http-nio-8080-exec-2] o.s.web.servlet.DispatcherServlet        : Initializing Servlet 'dispatcherServlet'
2026-01-13T19:22:54.733+02:00  INFO 12716 --- [veebipood] [http-nio-8080-exec-2] o.s.web.servlet.DispatcherServlet        : Completed initialization in 2 ms
2026-01-13T19:25:50.801+02:00  INFO 12716 --- [veebipood] [SpringApplicationShutdownHook] o.s.b.w.e.tomcat.GracefulShutdown        : Commencing graceful shutdown. Waiting for active requests to complete
2026-01-13T19:25:50.811+02:00  INFO 12716 --- [veebipood] [tomcat-shutdown] o.s.b.w.e.tomcat.GracefulShutdown        : Graceful shutdown complete
2026-01-13T19:25:50.818+02:00  INFO 12716 --- [veebipood] [SpringApplicationShutdownHook] j.LocalContainerEntityManagerFactoryBean : Closing JPA EntityManagerFactory for persistence unit 'default'
2026-01-13T19:25:50.822+02:00  INFO 12716 --- [veebipood] [SpringApplicationShutdownHook] com.zaxxer.hikari.HikariDataSource       : HikariPool-1 - Shutdown initiated...
2026-01-13T19:25:50.828+02:00  INFO 12716 --- [veebipood] [SpringApplicationShutdownHook] com.zaxxer.hikari.HikariDataSource       : HikariPool-1 - Shutdown completed.
2026-01-13T19:25:57.912+02:00  INFO 26580 --- [veebipood] [main] e.mihkel.veebipood.VeebipoodApplication  : Starting VeebipoodApplication using Java 21.0.3 with PID 26580 (C:\Users\Admin\koolitused\full-stack-11-2025\veebipood\target\classes started by Admin in C:\Users\Admin\koolitused\full-stack-11-2025\veebipood)
2026-01-13T19:25:57.914+02:00  INFO 26580 --- [veebipood] [main] e.mihkel.veebipood.VeebipoodApplication  : The following 1 profile is active: "test"
2026-01-13T19:25:58.589+02:00  INFO 26580 --- [veebipood] [main] .s.d.r.c.RepositoryConfigurationDelegate : Bootstrapping Spring Data JPA repositories in DEFAULT mode.
2026-01-13T19:25:58.657+02:00  INFO 26580 --- [veebipood] [main] .s.d.r.c.RepositoryConfigurationDelegate : Finished Spring Data repository scanning in 60 ms. Found 4 JPA repository interfaces.
2026-01-13T19:25:59.134+02:00  INFO 26580 --- [veebipood] [main] o.s.b.w.embedded.tomcat.TomcatWebServer  : Tomcat initialized with port 8080 (http)
2026-01-13T19:25:59.150+02:00  INFO 26580 --- [veebipood] [main] o.apache.catalina.core.StandardService   : Starting service [Tomcat]
2026-01-13T19:25:59.150+02:00  INFO 26580 --- [veebipood] [main] o.apache.catalina.core.StandardEngine    : Starting Servlet engine: [Apache Tomcat/10.1.48]
2026-01-13T19:25:59.208+02:00  INFO 26580 --- [veebipood] [main] o.a.c.c.C.[Tomcat].[localhost].[/]       : Initializing Spring embedded WebApplicationContext
2026-01-13T19:25:59.208+02:00  INFO 26580 --- [veebipood] [main] w.s.c.ServletWebServerApplicationContext : Root WebApplicationContext: initialization completed in 1244 ms
2026-01-13T19:25:59.489+02:00  INFO 26580 --- [veebipood] [main] o.hibernate.jpa.internal.util.LogHelper  : HHH000204: Processing PersistenceUnitInfo [name: default]
2026-01-13T19:25:59.590+02:00  INFO 26580 --- [veebipood] [main] org.hibernate.Version                    : HHH000412: Hibernate ORM core version 6.6.33.Final
2026-01-13T19:25:59.651+02:00  INFO 26580 --- [veebipood] [main] o.h.c.internal.RegionFactoryInitiator    : HHH000026: Second-level cache disabled
2026-01-13T19:26:00.110+02:00  INFO 26580 --- [veebipood] [main] o.s.o.j.p.SpringPersistenceUnitInfo      : No LoadTimeWeaver setup: ignoring JPA class transformer
2026-01-13T19:26:00.157+02:00  INFO 26580 --- [veebipood] [main] com.zaxxer.hikari.HikariDataSource       : HikariPool-1 - Starting...
2026-01-13T19:26:00.382+02:00  INFO 26580 --- [veebipood] [main] com.zaxxer.hikari.pool.HikariPool        : HikariPool-1 - Added connection org.postgresql.jdbc.PgConnection@48fc0211
2026-01-13T19:26:00.386+02:00  INFO 26580 --- [veebipood] [main] com.zaxxer.hikari.HikariDataSource       : HikariPool-1 - Start completed.
2026-01-13T19:26:00.487+02:00  INFO 26580 --- [veebipood] [main] org.hibernate.orm.connections.pooling    : HHH10001005: Database info:
	Database JDBC URL [Connecting through datasource 'HikariDataSource (HikariPool-1)']
	Database driver: undefined/unknown
	Database version: 16.2
	Autocommit mode: undefined/unknown
	Isolation level: undefined/unknown
	Minimum pool size: undefined/unknown
	Maximum pool size: undefined/unknown
2026-01-13T19:26:02.025+02:00  INFO 26580 --- [veebipood] [main] o.h.e.t.j.p.i.JtaPlatformInitiator       : HHH000489: No JTA platform available (set 'hibernate.transaction.jta.platform' to enable JTA platform integration)
2026-01-13T19:26:02.181+02:00  INFO 26580 --- [veebipood] [main] j.LocalContainerEntityManagerFactoryBean : Initialized JPA EntityManagerFactory for persistence unit 'default'
2026-01-13T19:26:02.795+02:00  WARN 26580 --- [veebipood] [main] JpaBaseConfiguration$JpaWebConfiguration : spring.jpa.open-in-view is enabled by default. Therefore, database queries may be performed during view rendering. Explicitly configure spring.jpa.open-in-view to disable this warning
2026-01-13T19:26:03.268+02:00  INFO 26580 --- [veebipood] [main] o.s.b.w.embedded.tomcat.TomcatWebServer  : Tomcat started on port 8080 (http) with context path '/'
2026-01-13T19:26:03.277+02:00  INFO 26580 --- [veebipood] [main] e.mihkel.veebipood.VeebipoodApplication  : Started VeebipoodApplication in 5.969 seconds (process running for 6.697)
2026-01-13T19:26:03.368+02:00  INFO 26580 --- [veebipood] [http-nio-8080-exec-1] o.a.c.c.C.[Tomcat].[localhost].[/]       : Initializing Spring DispatcherServlet 'dispatcherServlet'
2026-01-13T19:26:03.369+02:00  INFO 26580 --- [veebipood] [http-nio-8080-exec-1] o.s.web.servlet.DispatcherServlet        : Initializing Servlet 'dispatcherServlet'
2026-01-13T19:26:03.370+02:00  INFO 26580 --- [veebipood] [http-nio-8080-exec-1] o.s.web.servlet.DispatcherServlet        : Completed initialization in 1 ms
